Android/HomeSecurity/app/build/outputs/logs/manifest-merger-debug-report.txt
-- Merging decision tree log ---
manifest
ADDED from src\main\AndroidManifest.xml:2:1-45:12
	xmlns:android
		ADDED from src\main\AndroidManifest.xml:2:11-69
	package
		ADDED from src\main\AndroidManifest.xml:3:5-46
		INJECTED from src\main\AndroidManifest.xml
		INJECTED from src\main\AndroidManifest.xml
	android:versionName
		INJECTED from src\main\AndroidManifest.xml
		INJECTED from src\main\AndroidManifest.xml
	android:versionCode
		INJECTED from src\main\AndroidManifest.xml
		INJECTED from src\main\AndroidManifest.xml
uses-permission#android.permission.INTERNET
ADDED from src\main\AndroidManifest.xml:4:5-67
	android:name
		ADDED from src\main\AndroidManifest.xml:4:22-64
uses-permission#android.permission.ACCESS_NETWORK_STATE
ADDED from src\main\AndroidManifest.xml:5:5-78
	android:name
		ADDED from src\main\AndroidManifest.xml:5:22-76
uses-permission#android.permission.GET_ACCOUNTS
ADDED from src\main\AndroidManifest.xml:7:5-71
	android:name
		ADDED from src\main\AndroidManifest.xml:7:22-68
uses-permission#android.permission.WAKE_LOCK
ADDED from src\main\AndroidManifest.xml:8:5-68
	android:name
		ADDED from src\main\AndroidManifest.xml:8:22-65
permission#com.example.genius.homesecurity.permission.C2D_MESSAGE
ADDED from src\main\AndroidManifest.xml:9:5-125
	android:protectionLevel
		ADDED from src\main\AndroidManifest.xml:9:87-122
	android:name
		ADDED from src\main\AndroidManifest.xml:9:17-86
uses-permission#com.example.genius.homesecurity.permission.C2D_MESSAGE
ADDED from src\main\AndroidManifest.xml:10:5-94
	android:name
		ADDED from src\main\AndroidManifest.xml:10:22-91
uses-permission#com.google.android.c2dm.permission.RECEIVE
ADDED from src\main\AndroidManifest.xml:12:5-82
	android:name
		ADDED from src\main\AndroidManifest.xml:12:22-79
application
ADDED from src\main\AndroidManifest.xml:13:5-43:19
MERGED from [com.android.support:appcompat-v7:23.0.1] AndroidManifest.xml:22:5-20
MERGED from [com.android.support:support-v4:23.0.1] AndroidManifest.xml:22:5-20
MERGED from [com.android.support:design:23.0.1] AndroidManifest.xml:22:5-20
MERGED from [com.android.support:support-v4:23.0.1] AndroidManifest.xml:22:5-20
MERGED from [com.android.support:appcompat-v7:23.0.1] AndroidManifest.xml:22:5-20
MERGED from [com.android.support:support-v4:23.0.1] AndroidManifest.xml:22:5-20
MERGED from [com.pushbots:pushbots-lib:2.0.13] AndroidManifest.xml:11:5-20
	android:supportsRtl
		ADDED from src\main\AndroidManifest.xml:17:9-35
	android:label
		ADDED from src\main\AndroidManifest.xml:16:9-41
	android:allowBackup
		ADDED from src\main\AndroidManifest.xml:14:9-35
	android:icon
		ADDED from src\main\AndroidManifest.xml:15:9-43
	android:theme
		ADDED from src\main\AndroidManifest.xml:18:9-40
activity#com.example.genius.homesecurity.MainActivity
ADDED from src\main\AndroidManifest.xml:19:9-29:20
	android:name
		ADDED from src\main\AndroidManifest.xml:19:19-47
intent-filter#android.intent.category.DEFAULT+com.example.genius.demopushbots.MESSAGE
ADDED from src\main\AndroidManifest.xml:20:13-23:29
action#com.example.genius.demopushbots.MESSAGE
ADDED from src\main\AndroidManifest.xml:21:17-82
	android:name
		ADDED from src\main\AndroidManifest.xml:21:25-79
category#android.intent.category.DEFAULT
ADDED from src\main\AndroidManifest.xml:22:17-76
	android:name
		ADDED from src\main\AndroidManifest.xml:22:27-73
intent-filter#android.intent.action.MAIN+android.intent.category.LAUNCHER
ADDED from src\main\AndroidManifest.xml:24:13-28:29
action#android.intent.action.MAIN
ADDED from src\main\AndroidManifest.xml:25:17-69
	android:name
		ADDED from src\main\AndroidManifest.xml:25:25-66
category#android.intent.category.LAUNCHER
ADDED from src\main\AndroidManifest.xml:27:17-77
	android:name
		ADDED from src\main\AndroidManifest.xml:27:27-74
receiver#com.pushbots.google.gcm.GCMBroadcastReceiver
ADDED from src\main\AndroidManifest.xml:30:9-40:20
	android:permission
		ADDED from src\main\AndroidManifest.xml:32:13-73
	android:name
		ADDED from src\main\AndroidManifest.xml:31:13-72
intent-filter#com.example.genius.demopushbots+com.google.android.c2dm.intent.RECEIVE+com.google.android.c2dm.intent.REGISTRATION
ADDED from src\main\AndroidManifest.xml:33:13-39:29
action#com.google.android.c2dm.intent.RECEIVE
ADDED from src\main\AndroidManifest.xml:35:17-81
	android:name
		ADDED from src\main\AndroidManifest.xml:35:25-78
action#com.google.android.c2dm.intent.REGISTRATION
ADDED from src\main\AndroidManifest.xml:37:17-86
	android:name
		ADDED from src\main\AndroidManifest.xml:37:25-83
category#com.example.genius.demopushbots
ADDED from src\main\AndroidManifest.xml:38:17-76
	android:name
		ADDED from src\main\AndroidManifest.xml:38:27-73
receiver#com.pushbots.push.DefaultPushHandler
ADDED from src\main\AndroidManifest.xml:41:9-73
	android:name
		ADDED from src\main\AndroidManifest.xml:41:19-70
service#com.pushbots.push.GCMIntentService
ADDED from src\main\AndroidManifest.xml:42:9-70
	android:name
		ADDED from src\main\AndroidManifest.xml:42:18-67
uses-sdk
INJECTED from src\main\AndroidManifest.xml reason: use-sdk injection requested
MERGED from [com.android.support:appcompat-v7:23.0.1] AndroidManifest.xml:20:5-43
MERGED from [com.android.support:support-v4:23.0.1] AndroidManifest.xml:20:5-43
MERGED from [com.android.support:design:23.0.1] AndroidManifest.xml:20:5-43
MERGED from [com.android.support:support-v4:23.0.1] AndroidManifest.xml:20:5-43
MERGED from [com.android.support:appcompat-v7:23.0.1] AndroidManifest.xml:20:5-43
MERGED from [com.android.support:support-v4:23.0.1] AndroidManifest.xml:20:5-43
MERGED from [com.pushbots:pushbots-lib:2.0.13] AndroidManifest.xml:7:5-9:41
	android:targetSdkVersion
		INJECTED from src\main\AndroidManifest.xml
		INJECTED from src\main\AndroidManifest.xml
	android:minSdkVersion
		INJECTED from src\main\AndroidManifest.xml
		INJECTED from src\main\AndroidManifest.xml